TN:
SF:src\diff.js
FN:6,getDiffFiles
FNF:1
FNH:1
FNDA:2,getDiffFiles
DA:1,1
DA:2,1
DA:3,1
DA:4,1
DA:5,1
DA:6,1
DA:7,2
DA:8,2
DA:9,2
DA:10,2
DA:11,2
DA:12,2
DA:13,2
DA:14,2
DA:15,2
DA:16,5
DA:17,2
DA:18,2
DA:19,5
DA:20,1
DA:21,1
DA:22,5
DA:23,1
DA:24,1
DA:25,1
DA:26,2
DA:27,2
DA:28,2
DA:29,2
DA:30,1
DA:31,1
LF:31
LH:31
BRDA:6,0,0,2
BRDA:15,1,0,5
BRDA:16,2,0,2
BRDA:18,3,0,3
BRDA:19,4,0,1
BRDA:21,5,0,2
BRDA:22,6,0,1
BRF:7
BRH:7
end_of_record
TN:
SF:src\parser.js
FN:3,parseFile
FNF:1
FNH:1
FNDA:4,parseFile
DA:1,1
DA:2,1
DA:3,1
DA:4,4
DA:5,4
DA:6,3
DA:7,4
DA:8,1
DA:9,4
DA:10,4
DA:11,1
DA:12,1
LF:12
LH:12
BRDA:3,0,0,4
BRDA:5,1,0,3
BRDA:7,2,0,1
BRF:3
BRH:3
end_of_record
TN:
SF:src\reader.js
FN:4,readFile
FNF:1
FNH:1
FNDA:4,readFile
DA:1,1
DA:2,1
DA:3,1
DA:4,1
DA:5,4
DA:6,4
DA:7,4
DA:8,4
DA:9,4
DA:10,1
DA:11,1
LF:11
LH:11
BRDA:4,0,0,4
BRF:1
BRH:1
end_of_record
